[0.306s] Invoking command in '/root/ros2_ws/build/my_first_package': PYTHONPATH=/root/ros2_ws/build/my_first_package/prefix_override:/usr/lib/python3/dist-packages/colcon_core/task/python/colcon_distutils_commands:/root/ros2_ws/install/my_first_package/lib/python3.10/site-packages:${PYTHONPATH} /usr/bin/python3 -W ignore:setup.py install is deprecated -W ignore:easy_install command is deprecated setup.py develop --editable --build-directory /root/ros2_ws/build/my_first_package/build --no-deps symlink_data
[0.435s] running develop
[0.497s] running egg_info
[0.497s] creating my_first_package.egg-info
[0.497s] writing my_first_package.egg-info/PKG-INFO
[0.497s] writing dependency_links to my_first_package.egg-info/dependency_links.txt
[0.497s] writing entry points to my_first_package.egg-info/entry_points.txt
[0.497s] writing requirements to my_first_package.egg-info/requires.txt
[0.497s] writing top-level names to my_first_package.egg-info/top_level.txt
[0.497s] writing manifest file 'my_first_package.egg-info/SOURCES.txt'
[0.498s] reading manifest file 'my_first_package.egg-info/SOURCES.txt'
[0.498s] writing manifest file 'my_first_package.egg-info/SOURCES.txt'
[0.499s] running build_ext
[0.499s] Creating /root/ros2_ws/install/my_first_package/lib/python3.10/site-packages/my-first-package.egg-link (link to .)
[0.500s] Installing my_test_node script to /root/ros2_ws/install/my_first_package/lib/my_first_package
[0.500s] 
[0.500s] Installed /root/ros2_ws/build/my_first_package
[0.500s] running symlink_data
[0.500s] creating /root/ros2_ws/install/my_first_package/share/ament_index
[0.500s] creating /root/ros2_ws/install/my_first_package/share/ament_index/resource_index
[0.500s] creating /root/ros2_ws/install/my_first_package/share/ament_index/resource_index/packages
[0.500s] symbolically linking /root/ros2_ws/build/my_first_package/resource/my_first_package -> /root/ros2_ws/install/my_first_package/share/ament_index/resource_index/packages
[0.500s] symbolically linking /root/ros2_ws/build/my_first_package/package.xml -> /root/ros2_ws/install/my_first_package/share/my_first_package
[0.518s] Invoked command in '/root/ros2_ws/build/my_first_package' returned '0': PYTHONPATH=/root/ros2_ws/build/my_first_package/prefix_override:/usr/lib/python3/dist-packages/colcon_core/task/python/colcon_distutils_commands:/root/ros2_ws/install/my_first_package/lib/python3.10/site-packages:${PYTHONPATH} /usr/bin/python3 -W ignore:setup.py install is deprecated -W ignore:easy_install command is deprecated setup.py develop --editable --build-directory /root/ros2_ws/build/my_first_package/build --no-deps symlink_data
